<?xml version="1.0" encoding="UTF-8"?>
<testsuite xmlns:xsi="http://www.w3.org/2001/XMLSchema-instance" xsi:noNamespaceSchemaLocation="https://maven.apache.org/surefire/maven-surefire-plugin/xsd/surefire-test-report.xsd" name="NoteServiceImplTest" time="0.127" tests="3" errors="0" skipped="0" failures="0">
  <properties>
[...]
</properties>
  <testcase name="test_clear_method" classname="NoteServiceImplTest" time="0.088"/>
  <testcase name="test_add_method" classname="NoteServiceImplTest" time="0.009"/>
  <testcase name="test_averageOf_method" classname="NoteServiceImplTest" time="0.004"/>
</testsuite>